[2021-11-05 23:46:08,252] multiqc                                            [DEBUG  ]  This is MultiQC v1.11
[2021-11-05 23:46:08,253] multiqc                                            [DEBUG  ]  No MultiQC config found: /home/rioualen/miniconda3/envs/snakemake/lib/python3.9/site-packages/multiqc_config.yaml
[2021-11-05 23:46:08,253] multiqc                                            [DEBUG  ]  No MultiQC config found: /home/rioualen/.multiqc_config.yaml
[2021-11-05 23:46:08,253] multiqc                                            [DEBUG  ]  No MultiQC config found: multiqc_config.yaml
[2021-11-05 23:46:08,253] multiqc                                            [DEBUG  ]  Command used: /home/rioualen/miniconda3/envs/snakemake/bin/multiqc ChIP-seq_collection/GSE93506/samples/GSM2453484 ChIP-seq_collection/GSE93506/samples/GSM2667742 ChIP-seq_collection/GSE93506/datasets/DS00050 ChIP-seq_collection/GSE93506/samples/GSM2453484 ChIP-seq_collection/GSE93506/samples/GSM2667743 ChIP-seq_collection/GSE93506/datasets/DS00050 -o ChIP-seq_collection/GSE93506/datasets/DS00050/multiQC
[2021-11-05 23:46:08,449] multiqc                                            [DEBUG  ]  Latest MultiQC version is v1.11
[2021-11-05 23:46:08,449] multiqc                                            [DEBUG  ]  Command     : /home/rioualen/miniconda3/envs/snakemake/bin/multiqc ChIP-seq_collection/GSE93506/samples/GSM2453484 ChIP-seq_collection/GSE93506/samples/GSM2667742 ChIP-seq_collection/GSE93506/datasets/DS00050 ChIP-seq_collection/GSE93506/samples/GSM2453484 ChIP-seq_collection/GSE93506/samples/GSM2667743 ChIP-seq_collection/GSE93506/datasets/DS00050 -o ChIP-seq_collection/GSE93506/datasets/DS00050/multiQC
[2021-11-05 23:46:08,449] multiqc                                            [DEBUG  ]  Working dir : /workspace/rioualen/HT_collections
[2021-11-05 23:46:08,449] multiqc                                            [DEBUG  ]  Template    : default
[2021-11-05 23:46:08,449] multiqc                                            [DEBUG  ]  Running Python 3.9.7 | packaged by conda-forge | (default, Sep 29 2021, 19:20:46)  [GCC 9.4.0]
[2021-11-05 23:46:08,450] multiqc                                            [DEBUG  ]  Analysing modules: custom_content, ccs, ngsderive, purple, conpair, lima, peddy, somalier, methylQA, mosdepth, phantompeakqualtools, qualimap, preseq, quast, qorts, rna_seqc, rockhopper, rsem, rseqc, busco, bustools, goleft_indexcov, gffcompare, disambiguate, supernova, deeptools, sargasso, verifybamid, mirtrace, happy, mirtop, sambamba, homer, hops, macs2, theta2, snpeff, gatk, htseq, bcftools, featureCounts, fgbio, dragen, dedup, damageprofiler, biobambam2, jcvi, mtnucratio, picard, vep, sentieon, prokka, qc3C, nanostat, samblaster, samtools, sexdeterrmine, eigenstratdatabasetools, bamtools, jellyfish, vcftools, longranger, stacks, varscan2, snippy, bbmap, bismark, biscuit, hicexplorer, hicup, hicpro, salmon, kallisto, slamdunk, star, hisat2, tophat, bowtie2, bowtie1, snpsplit, odgi, pangolin, kat, leehom, adapterRemoval, clipandmerge, cutadapt, flexbar, kaiju, kraken, malt, trimmomatic, sickle, skewer, sortmerna, biobloomtools, fastq_screen, afterqc, fastp, fastqc, pychopper, pycoqc, minionqc, multivcfanalyzer, clusterflow, bcl2fastq, bclconvert, interop, ivar, flash, seqyclean, optitype
[2021-11-05 23:46:08,468] multiqc                                            [DEBUG  ]  Using temporary directory for creating report: /tmp/tmp103w2od_
[2021-11-05 23:46:08,617] multiqc                                            [INFO   ]  Search path : /workspace/rioualen/HT_collections/ChIP-seq_collection/GSE93506/samples/GSM2453484
[2021-11-05 23:46:08,617] multiqc                                            [INFO   ]  Search path : /workspace/rioualen/HT_collections/ChIP-seq_collection/GSE93506/samples/GSM2667742
[2021-11-05 23:46:08,617] multiqc                                            [INFO   ]  Search path : /workspace/rioualen/HT_collections/ChIP-seq_collection/GSE93506/datasets/DS00050
[2021-11-05 23:46:08,617] multiqc                                            [INFO   ]  Search path : /workspace/rioualen/HT_collections/ChIP-seq_collection/GSE93506/samples/GSM2453484
[2021-11-05 23:46:08,617] multiqc                                            [INFO   ]  Search path : /workspace/rioualen/HT_collections/ChIP-seq_collection/GSE93506/samples/GSM2667743
[2021-11-05 23:46:08,617] multiqc                                            [INFO   ]  Search path : /workspace/rioualen/HT_collections/ChIP-seq_collection/GSE93506/datasets/DS00050
[2021-11-05 23:46:08,708] multiqc                                            [DEBUG  ]  Ignoring file as matched an ignore pattern: GSM2453484_cutadapt.fastq.gz
[2021-11-05 23:46:08,713] multiqc                                            [DEBUG  ]  File ignored by ccs/v4 because it exceeded search pattern filesize limit: GSM2453484_cutadapt.log
[2021-11-05 23:46:08,714] multiqc                                            [DEBUG  ]  File ignored by lima/summary because it exceeded search pattern filesize limit: GSM2453484_cutadapt.log
[2021-11-05 23:46:08,717] multiqc                                            [DEBUG  ]  File ignored by longranger/invocation because it exceeded search pattern filesize limit: GSM2453484_cutadapt.log
[2021-11-05 23:46:08,737] multiqc                                            [DEBUG  ]  File ignored by ccs/v4 because it exceeded search pattern filesize limit: GSM2453484_cutadapt_bowtie2_bedgraph_to_tdf.log
[2021-11-05 23:46:08,739] multiqc                                            [DEBUG  ]  File ignored by lima/summary because it exceeded search pattern filesize limit: GSM2453484_cutadapt_bowtie2_bedgraph_to_tdf.log
[2021-11-05 23:46:08,757] multiqc                                            [DEBUG  ]  Ignoring file as matched an ignore pattern: GSM2453484_cutadapt_empty1.fastq.gz
[2021-11-05 23:46:08,757] multiqc                                            [DEBUG  ]  Ignoring file as matched an ignore pattern: GSM2453484_cutadapt_bowtie2.bam
[2021-11-05 23:46:08,768] multiqc                                            [DEBUG  ]  Ignoring file as matched an ignore pattern: GSM2453484_cutadapt_bowtie2.bam.bai
[2021-11-05 23:46:08,862] multiqc                                            [DEBUG  ]  File ignored by ccs/v4 because it exceeded search pattern filesize limit: GSM2453484_cutadapt_bowtie2_plus_strand.tdf
[2021-11-05 23:46:08,864] multiqc                                            [DEBUG  ]  File ignored by hicexplorer because it exceeded search pattern filesize limit: GSM2453484_cutadapt_bowtie2_plus_strand.tdf
[2021-11-05 23:46:08,864] multiqc                                            [DEBUG  ]  File ignored by nanostat because it exceeded search pattern filesize limit: GSM2453484_cutadapt_bowtie2_plus_strand.tdf
[2021-11-05 23:46:08,864] multiqc                                            [DEBUG  ]  File ignored by lima/summary because it exceeded search pattern filesize limit: GSM2453484_cutadapt_bowtie2_plus_strand.tdf
[2021-11-05 23:46:08,866] multiqc                                            [DEBUG  ]  File ignored by vep/vep_html because it exceeded search pattern filesize limit: GSM2453484_cutadapt_bowtie2_plus_strand.tdf
[2021-11-05 23:46:08,866] multiqc                                            [DEBUG  ]  File ignored by vep/vep_txt because it exceeded search pattern filesize limit: GSM2453484_cutadapt_bowtie2_plus_strand.tdf
[2021-11-05 23:46:08,866] multiqc                                            [DEBUG  ]  File ignored by longranger/invocation because it exceeded search pattern filesize limit: GSM2453484_cutadapt_bowtie2_plus_strand.tdf
[2021-11-05 23:46:08,866] multiqc                                            [DEBUG  ]  File ignored by rockhopper because it exceeded search pattern filesize limit: GSM2453484_cutadapt_bowtie2_plus_strand.tdf
[2021-11-05 23:46:08,866] multiqc                                            [DEBUG  ]  File ignored by rseqc/bam_stat because it exceeded search pattern filesize limit: GSM2453484_cutadapt_bowtie2_plus_strand.tdf
[2021-11-05 23:46:08,866] multiqc                                            [DEBUG  ]  File ignored by rseqc/junction_annotation because it exceeded search pattern filesize limit: GSM2453484_cutadapt_bowtie2_plus_strand.tdf
[2021-11-05 23:46:08,867] multiqc                                            [DEBUG  ]  File ignored by rseqc/read_distribution because it exceeded search pattern filesize limit: GSM2453484_cutadapt_bowtie2_plus_strand.tdf
[2021-11-05 23:46:08,867] multiqc                                            [DEBUG  ]  File ignored by rseqc/infer_experiment because it exceeded search pattern filesize limit: GSM2453484_cutadapt_bowtie2_plus_strand.tdf
[2021-11-05 23:46:08,867] multiqc                                            [DEBUG  ]  File ignored by snpeff because it exceeded search pattern filesize limit: GSM2453484_cutadapt_bowtie2_plus_strand.tdf
[2021-11-05 23:46:08,867] multiqc                                            [DEBUG  ]  File ignored by stacks/sumstats because it exceeded search pattern filesize limit: GSM2453484_cutadapt_bowtie2_plus_strand.tdf
[2021-11-05 23:46:08,875] multiqc                                            [DEBUG  ]  File ignored by ccs/v4 because it exceeded search pattern filesize limit: GSM2453484_cutadapt_bowtie2_plus_strand_bedgraph_to_tdf.log
[2021-11-05 23:46:08,876] multiqc                                            [DEBUG  ]  File ignored by lima/summary because it exceeded search pattern filesize limit: GSM2453484_cutadapt_bowtie2_plus_strand_bedgraph_to_tdf.log
[2021-11-05 23:46:08,900] multiqc                                            [DEBUG  ]  File ignored by ccs/v4 because it exceeded search pattern filesize limit: GSM2453484.fastq.gz_trimming_report.txt
[2021-11-05 23:46:08,901] multiqc                                            [DEBUG  ]  File ignored by lima/summary because it exceeded search pattern filesize limit: GSM2453484.fastq.gz_trimming_report.txt
[2021-11-05 23:46:08,904] multiqc                                            [DEBUG  ]  File ignored by longranger/invocation because it exceeded search pattern filesize limit: GSM2453484.fastq.gz_trimming_report.txt
[2021-11-05 23:46:08,923] multiqc                                            [DEBUG  ]  File ignored by ccs/v4 because it exceeded search pattern filesize limit: GSM2453484_cutadapt_bowtie2_minus_strand.tdf
[2021-11-05 23:46:08,924] multiqc                                            [DEBUG  ]  File ignored by hicexplorer because it exceeded search pattern filesize limit: GSM2453484_cutadapt_bowtie2_minus_strand.tdf
[2021-11-05 23:46:08,925] multiqc                                            [DEBUG  ]  File ignored by nanostat because it exceeded search pattern filesize limit: GSM2453484_cutadapt_bowtie2_minus_strand.tdf
[2021-11-05 23:46:08,925] multiqc                                            [DEBUG  ]  File ignored by lima/summary because it exceeded search pattern filesize limit: GSM2453484_cutadapt_bowtie2_minus_strand.tdf
[2021-11-05 23:46:08,927] multiqc                                            [DEBUG  ]  File ignored by vep/vep_html because it exceeded search pattern filesize limit: GSM2453484_cutadapt_bowtie2_minus_strand.tdf
[2021-11-05 23:46:08,927] multiqc                                            [DEBUG  ]  File ignored by vep/vep_txt because it exceeded search pattern filesize limit: GSM2453484_cutadapt_bowtie2_minus_strand.tdf
[2021-11-05 23:46:08,927] multiqc                                            [DEBUG  ]  File ignored by longranger/invocation because it exceeded search pattern filesize limit: GSM2453484_cutadapt_bowtie2_minus_strand.tdf
[2021-11-05 23:46:08,927] multiqc                                            [DEBUG  ]  File ignored by rockhopper because it exceeded search pattern filesize limit: GSM2453484_cutadapt_bowtie2_minus_strand.tdf
[2021-11-05 23:46:08,927] multiqc                                            [DEBUG  ]  File ignored by rseqc/bam_stat because it exceeded search pattern filesize limit: GSM2453484_cutadapt_bowtie2_minus_strand.tdf
[2021-11-05 23:46:08,927] multiqc                                            [DEBUG  ]  File ignored by rseqc/junction_annotation because it exceeded search pattern filesize limit: GSM2453484_cutadapt_bowtie2_minus_strand.tdf
[2021-11-05 23:46:08,927] multiqc                                            [DEBUG  ]  File ignored by rseqc/read_distribution because it exceeded search pattern filesize limit: GSM2453484_cutadapt_bowtie2_minus_strand.tdf
[2021-11-05 23:46:08,927] multiqc                                            [DEBUG  ]  File ignored by rseqc/infer_experiment because it exceeded search pattern filesize limit: GSM2453484_cutadapt_bowtie2_minus_strand.tdf
[2021-11-05 23:46:08,928] multiqc                                            [DEBUG  ]  File ignored by snpeff because it exceeded search pattern filesize limit: GSM2453484_cutadapt_bowtie2_minus_strand.tdf
[2021-11-05 23:46:08,928] multiqc                                            [DEBUG  ]  File ignored by stacks/sumstats because it exceeded search pattern filesize limit: GSM2453484_cutadapt_bowtie2_minus_strand.tdf
[2021-11-05 23:46:08,931] multiqc                                            [DEBUG  ]  Ignoring file as matched an ignore pattern: GSM2453484_cutadapt_empty2.fastq.gz
[2021-11-05 23:46:08,981] multiqc                                            [DEBUG  ]  Ignoring file as matched an ignore pattern: GSM2453484.fastq.gz
[2021-11-05 23:46:08,985] multiqc                                            [DEBUG  ]  File ignored by ccs/v4 because it exceeded search pattern filesize limit: GSM2453484_cutadapt_bowtie2_minus_strand_bedgraph_to_tdf.log
[2021-11-05 23:46:08,987] multiqc                                            [DEBUG  ]  File ignored by lima/summary because it exceeded search pattern filesize limit: GSM2453484_cutadapt_bowtie2_minus_strand_bedgraph_to_tdf.log
[2021-11-05 23:46:09,053] multiqc                                            [DEBUG  ]  File ignored by ccs/v4 because it exceeded search pattern filesize limit: GSM2453484_cutadapt_bowtie2_fastqc.html
[2021-11-05 23:46:09,055] multiqc                                            [DEBUG  ]  File ignored by hicexplorer because it exceeded search pattern filesize limit: GSM2453484_cutadapt_bowtie2_fastqc.html
[2021-11-05 23:46:09,055] multiqc                                            [DEBUG  ]  File ignored by nanostat because it exceeded search pattern filesize limit: GSM2453484_cutadapt_bowtie2_fastqc.html
[2021-11-05 23:46:09,055] multiqc                                            [DEBUG  ]  File ignored by lima/summary because it exceeded search pattern filesize limit: GSM2453484_cutadapt_bowtie2_fastqc.html
[2021-11-05 23:46:09,058] multiqc                                            [DEBUG  ]  File ignored by vep/vep_txt because it exceeded search pattern filesize limit: GSM2453484_cutadapt_bowtie2_fastqc.html
[2021-11-05 23:46:09,058] multiqc                                            [DEBUG  ]  File ignored by longranger/invocation because it exceeded search pattern filesize limit: GSM2453484_cutadapt_bowtie2_fastqc.html
[2021-11-05 23:46:09,058] multiqc                                            [DEBUG  ]  File ignored by rockhopper because it exceeded search pattern filesize limit: GSM2453484_cutadapt_bowtie2_fastqc.html
[2021-11-05 23:46:09,059] multiqc                                            [DEBUG  ]  File ignored by rseqc/bam_stat because it exceeded search pattern filesize limit: GSM2453484_cutadapt_bowtie2_fastqc.html
[2021-11-05 23:46:09,059] multiqc                                            [DEBUG  ]  File ignored by rseqc/junction_annotation because it exceeded search pattern filesize limit: GSM2453484_cutadapt_bowtie2_fastqc.html
[2021-11-05 23:46:09,059] multiqc                                            [DEBUG  ]  File ignored by rseqc/read_distribution because it exceeded search pattern filesize limit: GSM2453484_cutadapt_bowtie2_fastqc.html
[2021-11-05 23:46:09,059] multiqc                                            [DEBUG  ]  File ignored by rseqc/infer_experiment because it exceeded search pattern filesize limit: GSM2453484_cutadapt_bowtie2_fastqc.html
[2021-11-05 23:46:09,205] multiqc                                            [DEBUG  ]  File ignored by ccs/v4 because it exceeded search pattern filesize limit: GSM2453484_cutadapt_bowtie2_fastqc.log
[2021-11-05 23:46:09,207] multiqc                                            [DEBUG  ]  File ignored by lima/summary because it exceeded search pattern filesize limit: GSM2453484_cutadapt_bowtie2_fastqc.log
[2021-11-05 23:46:09,233] multiqc                                            [DEBUG  ]  File ignored by ccs/v4 because it exceeded search pattern filesize limit: GSM2453484_fastqc.html
[2021-11-05 23:46:09,235] multiqc                                            [DEBUG  ]  File ignored by hicexplorer because it exceeded search pattern filesize limit: GSM2453484_fastqc.html
[2021-11-05 23:46:09,235] multiqc                                            [DEBUG  ]  File ignored by nanostat because it exceeded search pattern filesize limit: GSM2453484_fastqc.html
[2021-11-05 23:46:09,235] multiqc                                            [DEBUG  ]  File ignored by lima/summary because it exceeded search pattern filesize limit: GSM2453484_fastqc.html
[2021-11-05 23:46:09,238] multiqc                                            [DEBUG  ]  File ignored by vep/vep_txt because it exceeded search pattern filesize limit: GSM2453484_fastqc.html
[2021-11-05 23:46:09,238] multiqc                                            [DEBUG  ]  File ignored by longranger/invocation because it exceeded search pattern filesize limit: GSM2453484_fastqc.html
[2021-11-05 23:46:09,238] multiqc                                            [DEBUG  ]  File ignored by rockhopper because it exceeded search pattern filesize limit: GSM2453484_fastqc.html
[2021-11-05 23:46:09,239] multiqc                                            [DEBUG  ]  File ignored by rseqc/bam_stat because it exceeded search pattern filesize limit: GSM2453484_fastqc.html
[2021-11-05 23:46:09,239] multiqc                                            [DEBUG  ]  File ignored by rseqc/junction_annotation because it exceeded search pattern filesize limit: GSM2453484_fastqc.html
[2021-11-05 23:46:09,239] multiqc                                            [DEBUG  ]  File ignored by rseqc/read_distribution because it exceeded search pattern filesize limit: GSM2453484_fastqc.html
[2021-11-05 23:46:09,239] multiqc                                            [DEBUG  ]  File ignored by rseqc/infer_experiment because it exceeded search pattern filesize limit: GSM2453484_fastqc.html
[2021-11-05 23:46:09,396] multiqc                                            [DEBUG  ]  File ignored by ccs/v4 because it exceeded search pattern filesize limit: GSM2453484_cutadapt_fastqc.log
[2021-11-05 23:46:09,398] multiqc                                            [DEBUG  ]  File ignored by lima/summary because it exceeded search pattern filesize limit: GSM2453484_cutadapt_fastqc.log
[2021-11-05 23:46:09,425] multiqc                                            [DEBUG  ]  File ignored by ccs/v4 because it exceeded search pattern filesize limit: GSM2453484_cutadapt_fastqc.html
[2021-11-05 23:46:09,427] multiqc                                            [DEBUG  ]  File ignored by hicexplorer because it exceeded search pattern filesize limit: GSM2453484_cutadapt_fastqc.html
[2021-11-05 23:46:09,427] multiqc                                            [DEBUG  ]  File ignored by nanostat because it exceeded search pattern filesize limit: GSM2453484_cutadapt_fastqc.html
[2021-11-05 23:46:09,427] multiqc                                            [DEBUG  ]  File ignored by lima/summary because it exceeded search pattern filesize limit: GSM2453484_cutadapt_fastqc.html
[2021-11-05 23:46:09,430] multiqc                                            [DEBUG  ]  File ignored by vep/vep_txt because it exceeded search pattern filesize limit: GSM2453484_cutadapt_fastqc.html
[2021-11-05 23:46:09,430] multiqc                                            [DEBUG  ]  File ignored by longranger/invocation because it exceeded search pattern filesize limit: GSM2453484_cutadapt_fastqc.html
[2021-11-05 23:46:09,430] multiqc                                            [DEBUG  ]  File ignored by rockhopper because it exceeded search pattern filesize limit: GSM2453484_cutadapt_fastqc.html
[2021-11-05 23:46:09,430] multiqc                                            [DEBUG  ]  File ignored by rseqc/bam_stat because it exceeded search pattern filesize limit: GSM2453484_cutadapt_fastqc.html
[2021-11-05 23:46:09,430] multiqc                                            [DEBUG  ]  File ignored by rseqc/junction_annotation because it exceeded search pattern filesize limit: GSM2453484_cutadapt_fastqc.html
[2021-11-05 23:46:09,431] multiqc                                            [DEBUG  ]  File ignored by rseqc/read_distribution because it exceeded search pattern filesize limit: GSM2453484_cutadapt_fastqc.html
[2021-11-05 23:46:09,431] multiqc                                            [DEBUG  ]  File ignored by rseqc/infer_experiment because it exceeded search pattern filesize limit: GSM2453484_cutadapt_fastqc.html
[2021-11-05 23:46:09,571] multiqc                                            [DEBUG  ]  File ignored by ccs/v4 because it exceeded search pattern filesize limit: GSM2667742_cutadapt_bowtie2_plus_strand_bedgraph_to_tdf.log
[2021-11-05 23:46:09,573] multiqc                                            [DEBUG  ]  File ignored by lima/summary because it exceeded search pattern filesize limit: GSM2667742_cutadapt_bowtie2_plus_strand_bedgraph_to_tdf.log
[2021-11-05 23:46:09,584] multiqc                                            [DEBUG  ]  Ignoring file as matched an ignore pattern: GSM2667742_cutadapt.fastq.gz
[2021-11-05 23:46:09,596] multiqc                                            [DEBUG  ]  Ignoring file as matched an ignore pattern: GSM2667742_cutadapt_empty1.fastq.gz
[2021-11-05 23:46:09,666] multiqc                                            [DEBUG  ]  Ignoring file as matched an ignore pattern: GSM2667742_cutadapt_bowtie2.bam
[2021-11-05 23:46:09,666] multiqc                                            [DEBUG  ]  Ignoring file as matched an ignore pattern: GSM2667742_cutadapt_empty2.fastq.gz
[2021-11-05 23:46:09,685] multiqc                                            [DEBUG  ]  File ignored by ccs/v4 because it exceeded search pattern filesize limit: GSM2667742.fastq.gz_trimming_report.txt
[2021-11-05 23:46:09,687] multiqc                                            [DEBUG  ]  File ignored by lima/summary because it exceeded search pattern filesize limit: GSM2667742.fastq.gz_trimming_report.txt
[2021-11-05 23:46:09,730] multiqc                                            [DEBUG  ]  File ignored by longranger/invocation because it exceeded search pattern filesize limit: GSM2667742.fastq.gz_trimming_report.txt
[2021-11-05 23:46:09,741] multiqc                                            [DEBUG  ]  File ignored by ccs/v4 because it exceeded search pattern filesize limit: GSM2667742_cutadapt_bowtie2_bedgraph_to_tdf.log
[2021-11-05 23:46:09,742] multiqc                                            [DEBUG  ]  File ignored by lima/summary because it exceeded search pattern filesize limit: GSM2667742_cutadapt_bowtie2_bedgraph_to_tdf.log
[2021-11-05 23:46:09,754] multiqc                                            [DEBUG  ]  File ignored by ccs/v4 because it exceeded search pattern filesize limit: GSM2667742_cutadapt.log
[2021-11-05 23:46:09,755] multiqc                                            [DEBUG  ]  File ignored by hicexplorer because it exceeded search pattern filesize limit: GSM2667742_cutadapt.log
[2021-11-05 23:46:09,755] multiqc                                            [DEBUG  ]  File ignored by nanostat because it exceeded search pattern filesize limit: GSM2667742_cutadapt.log
[2021-11-05 23:46:09,755] multiqc                                            [DEBUG  ]  File ignored by lima/summary because it exceeded search pattern filesize limit: GSM2667742_cutadapt.log
[2021-11-05 23:46:09,758] multiqc                                            [DEBUG  ]  File ignored by longranger/invocation because it exceeded search pattern filesize limit: GSM2667742_cutadapt.log
[2021-11-05 23:46:09,766] multiqc                                            [DEBUG  ]  Ignoring file as matched an ignore pattern: GSM2667742.fastq.gz
[2021-11-05 23:46:09,842] multiqc                                            [DEBUG  ]  File ignored by ccs/v4 because it exceeded search pattern filesize limit: GSM2667742_cutadapt_bowtie2_minus_strand_bedgraph_to_tdf.log
[2021-11-05 23:46:09,844] multiqc                                            [DEBUG  ]  File ignored by lima/summary because it exceeded search pattern filesize limit: GSM2667742_cutadapt_bowtie2_minus_strand_bedgraph_to_tdf.log
[2021-11-05 23:46:09,872] multiqc                                            [DEBUG  ]  Ignoring file as matched an ignore pattern: GSM2667742_cutadapt_bowtie2.bam.bai
[2021-11-05 23:46:09,904] multiqc                                            [DEBUG  ]  File ignored by ccs/v4 because it exceeded search pattern filesize limit: GSM2667742_cutadapt_fastqc.log
[2021-11-05 23:46:09,906] multiqc                                            [DEBUG  ]  File ignored by lima/summary because it exceeded search pattern filesize limit: GSM2667742_cutadapt_fastqc.log
[2021-11-05 23:46:09,919] multiqc                                            [DEBUG  ]  File ignored by ccs/v4 because it exceeded search pattern filesize limit: GSM2667742_cutadapt_fastqc.html
[2021-11-05 23:46:09,921] multiqc                                            [DEBUG  ]  File ignored by hicexplorer because it exceeded search pattern filesize limit: GSM2667742_cutadapt_fastqc.html
[2021-11-05 23:46:09,921] multiqc                                            [DEBUG  ]  File ignored by nanostat because it exceeded search pattern filesize limit: GSM2667742_cutadapt_fastqc.html
[2021-11-05 23:46:09,921] multiqc                                            [DEBUG  ]  File ignored by lima/summary because it exceeded search pattern filesize limit: GSM2667742_cutadapt_fastqc.html
[2021-11-05 23:46:09,925] multiqc                                            [DEBUG  ]  File ignored by vep/vep_txt because it exceeded search pattern filesize limit: GSM2667742_cutadapt_fastqc.html
[2021-11-05 23:46:09,925] multiqc                                            [DEBUG  ]  File ignored by longranger/invocation because it exceeded search pattern filesize limit: GSM2667742_cutadapt_fastqc.html
[2021-11-05 23:46:09,925] multiqc                                            [DEBUG  ]  File ignored by rockhopper because it exceeded search pattern filesize limit: GSM2667742_cutadapt_fastqc.html
[2021-11-05 23:46:09,925] multiqc                                            [DEBUG  ]  File ignored by rseqc/bam_stat because it exceeded search pattern filesize limit: GSM2667742_cutadapt_fastqc.html
[2021-11-05 23:46:09,925] multiqc                                            [DEBUG  ]  File ignored by rseqc/junction_annotation because it exceeded search pattern filesize limit: GSM2667742_cutadapt_fastqc.html
[2021-11-05 23:46:09,925] multiqc                                            [DEBUG  ]  File ignored by rseqc/read_distribution because it exceeded search pattern filesize limit: GSM2667742_cutadapt_fastqc.html
[2021-11-05 23:46:09,925] multiqc                                            [DEBUG  ]  File ignored by rseqc/infer_experiment because it exceeded search pattern filesize limit: GSM2667742_cutadapt_fastqc.html
[2021-11-05 23:46:10,073] multiqc                                            [DEBUG  ]  File ignored by ccs/v4 because it exceeded search pattern filesize limit: GSM2667742_cutadapt_bowtie2_fastqc.html
[2021-11-05 23:46:10,075] multiqc                                            [DEBUG  ]  File ignored by hicexplorer because it exceeded search pattern filesize limit: GSM2667742_cutadapt_bowtie2_fastqc.html
[2021-11-05 23:46:10,075] multiqc                                            [DEBUG  ]  File ignored by nanostat because it exceeded search pattern filesize limit: GSM2667742_cutadapt_bowtie2_fastqc.html
[2021-11-05 23:46:10,075] multiqc                                            [DEBUG  ]  File ignored by lima/summary because it exceeded search pattern filesize limit: GSM2667742_cutadapt_bowtie2_fastqc.html
[2021-11-05 23:46:10,078] multiqc                                            [DEBUG  ]  File ignored by vep/vep_txt because it exceeded search pattern filesize limit: GSM2667742_cutadapt_bowtie2_fastqc.html
[2021-11-05 23:46:10,078] multiqc                                            [DEBUG  ]  File ignored by longranger/invocation because it exceeded search pattern filesize limit: GSM2667742_cutadapt_bowtie2_fastqc.html
[2021-11-05 23:46:10,079] multiqc                                            [DEBUG  ]  File ignored by rockhopper because it exceeded search pattern filesize limit: GSM2667742_cutadapt_bowtie2_fastqc.html
[2021-11-05 23:46:10,079] multiqc                                            [DEBUG  ]  File ignored by rseqc/bam_stat because it exceeded search pattern filesize limit: GSM2667742_cutadapt_bowtie2_fastqc.html
[2021-11-05 23:46:10,079] multiqc                                            [DEBUG  ]  File ignored by rseqc/junction_annotation because it exceeded search pattern filesize limit: GSM2667742_cutadapt_bowtie2_fastqc.html
[2021-11-05 23:46:10,079] multiqc                                            [DEBUG  ]  File ignored by rseqc/read_distribution because it exceeded search pattern filesize limit: GSM2667742_cutadapt_bowtie2_fastqc.html
[2021-11-05 23:46:10,079] multiqc                                            [DEBUG  ]  File ignored by rseqc/infer_experiment because it exceeded search pattern filesize limit: GSM2667742_cutadapt_bowtie2_fastqc.html
[2021-11-05 23:46:10,195] multiqc                                            [DEBUG  ]  File ignored by ccs/v4 because it exceeded search pattern filesize limit: GSM2667742_cutadapt_bowtie2_fastqc.log
[2021-11-05 23:46:10,196] multiqc                                            [DEBUG  ]  File ignored by lima/summary because it exceeded search pattern filesize limit: GSM2667742_cutadapt_bowtie2_fastqc.log
[2021-11-05 23:46:10,214] multiqc                                            [DEBUG  ]  File ignored by ccs/v4 because it exceeded search pattern filesize limit: GSM2667742_fastqc.html
[2021-11-05 23:46:10,216] multiqc                                            [DEBUG  ]  File ignored by hicexplorer because it exceeded search pattern filesize limit: GSM2667742_fastqc.html
[2021-11-05 23:46:10,216] multiqc                                            [DEBUG  ]  File ignored by nanostat because it exceeded search pattern filesize limit: GSM2667742_fastqc.html
[2021-11-05 23:46:10,216] multiqc                                            [DEBUG  ]  File ignored by lima/summary because it exceeded search pattern filesize limit: GSM2667742_fastqc.html
[2021-11-05 23:46:10,219] multiqc                                            [DEBUG  ]  File ignored by vep/vep_txt because it exceeded search pattern filesize limit: GSM2667742_fastqc.html
[2021-11-05 23:46:10,219] multiqc                                            [DEBUG  ]  File ignored by longranger/invocation because it exceeded search pattern filesize limit: GSM2667742_fastqc.html
[2021-11-05 23:46:10,220] multiqc                                            [DEBUG  ]  File ignored by rockhopper because it exceeded search pattern filesize limit: GSM2667742_fastqc.html
[2021-11-05 23:46:10,220] multiqc                                            [DEBUG  ]  File ignored by rseqc/bam_stat because it exceeded search pattern filesize limit: GSM2667742_fastqc.html
[2021-11-05 23:46:10,220] multiqc                                            [DEBUG  ]  File ignored by rseqc/junction_annotation because it exceeded search pattern filesize limit: GSM2667742_fastqc.html
[2021-11-05 23:46:10,220] multiqc                                            [DEBUG  ]  File ignored by rseqc/read_distribution because it exceeded search pattern filesize limit: GSM2667742_fastqc.html
[2021-11-05 23:46:10,220] multiqc                                            [DEBUG  ]  File ignored by rseqc/infer_experiment because it exceeded search pattern filesize limit: GSM2667742_fastqc.html
[2021-11-05 23:46:10,388] multiqc                                            [DEBUG  ]  File ignored by ccs/v4 because it exceeded search pattern filesize limit: DS00050_peaks.fasta
[2021-11-05 23:46:10,389] multiqc                                            [DEBUG  ]  File ignored by hicexplorer because it exceeded search pattern filesize limit: DS00050_peaks.fasta
[2021-11-05 23:46:10,390] multiqc                                            [DEBUG  ]  File ignored by nanostat because it exceeded search pattern filesize limit: DS00050_peaks.fasta
[2021-11-05 23:46:10,390] multiqc                                            [DEBUG  ]  File ignored by lima/summary because it exceeded search pattern filesize limit: DS00050_peaks.fasta
[2021-11-05 23:46:10,392] multiqc                                            [DEBUG  ]  File ignored by vep/vep_txt because it exceeded search pattern filesize limit: DS00050_peaks.fasta
[2021-11-05 23:46:10,392] multiqc                                            [DEBUG  ]  File ignored by longranger/invocation because it exceeded search pattern filesize limit: DS00050_peaks.fasta
[2021-11-05 23:46:10,475] multiqc                                            [DEBUG  ]  File ignored by ccs/v4 because it exceeded search pattern filesize limit: DS00050_matrix.tab
[2021-11-05 23:46:10,477] multiqc                                            [DEBUG  ]  File ignored by lima/summary because it exceeded search pattern filesize limit: DS00050_matrix.tab
[2021-11-05 23:46:10,479] multiqc                                            [DEBUG  ]  File ignored by longranger/invocation because it exceeded search pattern filesize limit: DS00050_matrix.tab
[2021-11-05 23:46:10,490] multiqc                                            [DEBUG  ]  Ignoring file as matched an ignore pattern: DS00050_sites.bed
[2021-11-05 23:46:10,494] multiqc                                            [DEBUG  ]  File ignored by ccs/v4 because it exceeded search pattern filesize limit: DS00050_sites.fasta
[2021-11-05 23:46:10,496] multiqc                                            [DEBUG  ]  File ignored by lima/summary because it exceeded search pattern filesize limit: DS00050_sites.fasta
[2021-11-05 23:46:10,498] multiqc                                            [DEBUG  ]  File ignored by longranger/invocation because it exceeded search pattern filesize limit: DS00050_sites.fasta
[2021-11-05 23:46:10,509] multiqc                                            [DEBUG  ]  File ignored by ccs/v4 because it exceeded search pattern filesize limit: DS00050_peaks.ft
[2021-11-05 23:46:10,510] multiqc                                            [DEBUG  ]  File ignored by hicexplorer because it exceeded search pattern filesize limit: DS00050_peaks.ft
[2021-11-05 23:46:10,510] multiqc                                            [DEBUG  ]  File ignored by nanostat because it exceeded search pattern filesize limit: DS00050_peaks.ft
[2021-11-05 23:46:10,510] multiqc                                            [DEBUG  ]  File ignored by lima/summary because it exceeded search pattern filesize limit: DS00050_peaks.ft
[2021-11-05 23:46:10,513] multiqc                                            [DEBUG  ]  File ignored by longranger/invocation because it exceeded search pattern filesize limit: DS00050_peaks.ft
[2021-11-05 23:46:10,520] multiqc                                            [DEBUG  ]  Ignoring file as matched an ignore pattern: DS00050_peaks.bed
[2021-11-05 23:46:10,525] multiqc                                            [DEBUG  ]  File ignored by ccs/v4 because it exceeded search pattern filesize limit: DS00050_peaks.narrowPeak
[2021-11-05 23:46:10,530] multiqc                                            [DEBUG  ]  File ignored by hicexplorer because it exceeded search pattern filesize limit: DS00050_peaks.narrowPeak
[2021-11-05 23:46:10,530] multiqc                                            [DEBUG  ]  File ignored by nanostat because it exceeded search pattern filesize limit: DS00050_peaks.narrowPeak
[2021-11-05 23:46:10,530] multiqc                                            [DEBUG  ]  File ignored by lima/summary because it exceeded search pattern filesize limit: DS00050_peaks.narrowPeak
[2021-11-05 23:46:10,533] multiqc                                            [DEBUG  ]  File ignored by longranger/invocation because it exceeded search pattern filesize limit: DS00050_peaks.narrowPeak
[2021-11-05 23:46:10,555] multiqc                                            [DEBUG  ]  Ignoring file as matched an ignore pattern: DS00050_summits.bed
[2021-11-05 23:46:10,580] multiqc                                            [DEBUG  ]  Ignoring file as matched an ignore pattern: GSM2453484_cutadapt.fastq.gz
[2021-11-05 23:46:10,585] multiqc                                            [DEBUG  ]  File ignored by ccs/v4 because it exceeded search pattern filesize limit: GSM2453484_cutadapt.log
[2021-11-05 23:46:10,586] multiqc                                            [DEBUG  ]  File ignored by lima/summary because it exceeded search pattern filesize limit: GSM2453484_cutadapt.log
[2021-11-05 23:46:10,589] multiqc                                            [DEBUG  ]  File ignored by longranger/invocation because it exceeded search pattern filesize limit: GSM2453484_cutadapt.log
[2021-11-05 23:46:10,600] multiqc                                            [DEBUG  ]  File ignored by ccs/v4 because it exceeded search pattern filesize limit: GSM2453484_cutadapt_bowtie2_bedgraph_to_tdf.log
[2021-11-05 23:46:10,602] multiqc                                            [DEBUG  ]  File ignored by lima/summary because it exceeded search pattern filesize limit: GSM2453484_cutadapt_bowtie2_bedgraph_to_tdf.log
[2021-11-05 23:46:10,620] multiqc                                            [DEBUG  ]  Ignoring file as matched an ignore pattern: GSM2453484_cutadapt_empty1.fastq.gz
[2021-11-05 23:46:10,620] multiqc                                            [DEBUG  ]  Ignoring file as matched an ignore pattern: GSM2453484_cutadapt_bowtie2.bam
[2021-11-05 23:46:10,635] multiqc                                            [DEBUG  ]  Ignoring file as matched an ignore pattern: GSM2453484_cutadapt_bowtie2.bam.bai
[2021-11-05 23:46:10,696] multiqc                                            [DEBUG  ]  File ignored by ccs/v4 because it exceeded search pattern filesize limit: GSM2453484_cutadapt_bowtie2_plus_strand.tdf
[2021-11-05 23:46:10,698] multiqc                                            [DEBUG  ]  File ignored by hicexplorer because it exceeded search pattern filesize limit: GSM2453484_cutadapt_bowtie2_plus_strand.tdf
[2021-11-05 23:46:10,698] multiqc                                            [DEBUG  ]  File ignored by nanostat because it exceeded search pattern filesize limit: GSM2453484_cutadapt_bowtie2_plus_strand.tdf
[2021-11-05 23:46:10,698] multiqc                                            [DEBUG  ]  File ignored by lima/summary because it exceeded search pattern filesize limit: GSM2453484_cutadapt_bowtie2_plus_strand.tdf
[2021-11-05 23:46:10,700] multiqc                                            [DEBUG  ]  File ignored by vep/vep_html because it exceeded search pattern filesize limit: GSM2453484_cutadapt_bowtie2_plus_strand.tdf
[2021-11-05 23:46:10,700] multiqc                                            [DEBUG  ]  File ignored by vep/vep_txt because it exceeded search pattern filesize limit: GSM2453484_cutadapt_bowtie2_plus_strand.tdf
[2021-11-05 23:46:10,700] multiqc                                            [DEBUG  ]  File ignored by longranger/invocation because it exceeded search pattern filesize limit: GSM2453484_cutadapt_bowtie2_plus_strand.tdf
[2021-11-05 23:46:10,700] multiqc                                            [DEBUG  ]  File ignored by rockhopper because it exceeded search pattern filesize limit: GSM2453484_cutadapt_bowtie2_plus_strand.tdf
[2021-11-05 23:46:10,700] multiqc                                            [DEBUG  ]  File ignored by rseqc/bam_stat because it exceeded search pattern filesize limit: GSM2453484_cutadapt_bowtie2_plus_strand.tdf
[2021-11-05 23:46:10,700] multiqc                                            [DEBUG  ]  File ignored by rseqc/junction_annotation because it exceeded search pattern filesize limit: GSM2453484_cutadapt_bowtie2_plus_strand.tdf
[2021-11-05 23:46:10,700] multiqc                                            [DEBUG  ]  File ignored by rseqc/read_distribution because it exceeded search pattern filesize limit: GSM2453484_cutadapt_bowtie2_plus_strand.tdf
[2021-11-05 23:46:10,701] multiqc                                            [DEBUG  ]  File ignored by rseqc/infer_experiment because it exceeded search pattern filesize limit: GSM2453484_cutadapt_bowtie2_plus_strand.tdf
[2021-11-05 23:46:10,701] multiqc                                            [DEBUG  ]  File ignored by snpeff because it exceeded search pattern filesize limit: GSM2453484_cutadapt_bowtie2_plus_strand.tdf
[2021-11-05 23:46:10,701] multiqc                                            [DEBUG  ]  File ignored by stacks/sumstats because it exceeded search pattern filesize limit: GSM2453484_cutadapt_bowtie2_plus_strand.tdf
[2021-11-05 23:46:10,708] multiqc                                            [DEBUG  ]  File ignored by ccs/v4 because it exceeded search pattern filesize limit: GSM2453484_cutadapt_bowtie2_plus_strand_bedgraph_to_tdf.log
[2021-11-05 23:46:10,710] multiqc                                            [DEBUG  ]  File ignored by lima/summary because it exceeded search pattern filesize limit: GSM2453484_cutadapt_bowtie2_plus_strand_bedgraph_to_tdf.log
[2021-11-05 23:46:10,733] multiqc                                            [DEBUG  ]  File ignored by ccs/v4 because it exceeded search pattern filesize limit: GSM2453484.fastq.gz_trimming_report.txt
[2021-11-05 23:46:10,738] multiqc                                            [DEBUG  ]  File ignored by lima/summary because it exceeded search pattern filesize limit: GSM2453484.fastq.gz_trimming_report.txt
[2021-11-05 23:46:10,741] multiqc                                            [DEBUG  ]  File ignored by longranger/invocation because it exceeded search pattern filesize limit: GSM2453484.fastq.gz_trimming_report.txt
[2021-11-05 23:46:10,752] multiqc                                            [DEBUG  ]  File ignored by ccs/v4 because it exceeded search pattern filesize limit: GSM2453484_cutadapt_bowtie2_minus_strand.tdf
[2021-11-05 23:46:10,753] multiqc                                            [DEBUG  ]  File ignored by hicexplorer because it exceeded search pattern filesize limit: GSM2453484_cutadapt_bowtie2_minus_strand.tdf
[2021-11-05 23:46:10,753] multiqc                                            [DEBUG  ]  File ignored by nanostat because it exceeded search pattern filesize limit: GSM2453484_cutadapt_bowtie2_minus_strand.tdf
[2021-11-05 23:46:10,753] multiqc                                            [DEBUG  ]  File ignored by lima/summary because it exceeded search pattern filesize limit: GSM2453484_cutadapt_bowtie2_minus_strand.tdf
[2021-11-05 23:46:10,755] multiqc                                            [DEBUG  ]  File ignored by vep/vep_html because it exceeded search pattern filesize limit: GSM2453484_cutadapt_bowtie2_minus_strand.tdf
[2021-11-05 23:46:10,755] multiqc                                            [DEBUG  ]  File ignored by vep/vep_txt because it exceeded search pattern filesize limit: GSM2453484_cutadapt_bowtie2_minus_strand.tdf
[2021-11-05 23:46:10,755] multiqc                                            [DEBUG  ]  File ignored by longranger/invocation because it exceeded search pattern filesize limit: GSM2453484_cutadapt_bowtie2_minus_strand.tdf
[2021-11-05 23:46:10,755] multiqc                                            [DEBUG  ]  File ignored by rockhopper because it exceeded search pattern filesize limit: GSM2453484_cutadapt_bowtie2_minus_strand.tdf
[2021-11-05 23:46:10,756] multiqc                                            [DEBUG  ]  File ignored by rseqc/bam_stat because it exceeded search pattern filesize limit: GSM2453484_cutadapt_bowtie2_minus_strand.tdf
[2021-11-05 23:46:10,756] multiqc                                            [DEBUG  ]  File ignored by rseqc/junction_annotation because it exceeded search pattern filesize limit: GSM2453484_cutadapt_bowtie2_minus_strand.tdf
[2021-11-05 23:46:10,756] multiqc                                            [DEBUG  ]  File ignored by rseqc/read_distribution because it exceeded search pattern filesize limit: GSM2453484_cutadapt_bowtie2_minus_strand.tdf
[2021-11-05 23:46:10,756] multiqc                                            [DEBUG  ]  File ignored by rseqc/infer_experiment because it exceeded search pattern filesize limit: GSM2453484_cutadapt_bowtie2_minus_strand.tdf
[2021-11-05 23:46:10,756] multiqc                                            [DEBUG  ]  File ignored by snpeff because it exceeded search pattern filesize limit: GSM2453484_cutadapt_bowtie2_minus_strand.tdf
[2021-11-05 23:46:10,756] multiqc                                            [DEBUG  ]  File ignored by stacks/sumstats because it exceeded search pattern filesize limit: GSM2453484_cutadapt_bowtie2_minus_strand.tdf
[2021-11-05 23:46:10,759] multiqc                                            [DEBUG  ]  Ignoring file as matched an ignore pattern: GSM2453484_cutadapt_empty2.fastq.gz
[2021-11-05 23:46:10,804] multiqc                                            [DEBUG  ]  Ignoring file as matched an ignore pattern: GSM2453484.fastq.gz
[2021-11-05 23:46:10,809] multiqc                                            [DEBUG  ]  File ignored by ccs/v4 because it exceeded search pattern filesize limit: GSM2453484_cutadapt_bowtie2_minus_strand_bedgraph_to_tdf.log
[2021-11-05 23:46:10,810] multiqc                                            [DEBUG  ]  File ignored by lima/summary because it exceeded search pattern filesize limit: GSM2453484_cutadapt_bowtie2_minus_strand_bedgraph_to_tdf.log
[2021-11-05 23:46:10,875] multiqc                                            [DEBUG  ]  File ignored by ccs/v4 because it exceeded search pattern filesize limit: GSM2453484_cutadapt_bowtie2_fastqc.html
[2021-11-05 23:46:10,877] multiqc                                            [DEBUG  ]  File ignored by hicexplorer because it exceeded search pattern filesize limit: GSM2453484_cutadapt_bowtie2_fastqc.html
[2021-11-05 23:46:10,877] multiqc                                            [DEBUG  ]  File ignored by nanostat because it exceeded search pattern filesize limit: GSM2453484_cutadapt_bowtie2_fastqc.html
[2021-11-05 23:46:10,877] multiqc                                            [DEBUG  ]  File ignored by lima/summary because it exceeded search pattern filesize limit: GSM2453484_cutadapt_bowtie2_fastqc.html
[2021-11-05 23:46:10,880] multiqc                                            [DEBUG  ]  File ignored by vep/vep_txt because it exceeded search pattern filesize limit: GSM2453484_cutadapt_bowtie2_fastqc.html
[2021-11-05 23:46:10,881] multiqc                                            [DEBUG  ]  File ignored by longranger/invocation because it exceeded search pattern filesize limit: GSM2453484_cutadapt_bowtie2_fastqc.html
[2021-11-05 23:46:10,881] multiqc                                            [DEBUG  ]  File ignored by rockhopper because it exceeded search pattern filesize limit: GSM2453484_cutadapt_bowtie2_fastqc.html
[2021-11-05 23:46:10,881] multiqc                                            [DEBUG  ]  File ignored by rseqc/bam_stat because it exceeded search pattern filesize limit: GSM2453484_cutadapt_bowtie2_fastqc.html
[2021-11-05 23:46:10,881] multiqc                                            [DEBUG  ]  File ignored by rseqc/junction_annotation because it exceeded search pattern filesize limit: GSM2453484_cutadapt_bowtie2_fastqc.html
[2021-11-05 23:46:10,881] multiqc                                            [DEBUG  ]  File ignored by rseqc/read_distribution because it exceeded search pattern filesize limit: GSM2453484_cutadapt_bowtie2_fastqc.html
[2021-11-05 23:46:10,881] multiqc                                            [DEBUG  ]  File ignored by rseqc/infer_experiment because it exceeded search pattern filesize limit: GSM2453484_cutadapt_bowtie2_fastqc.html
[2021-11-05 23:46:11,028] multiqc                                            [DEBUG  ]  File ignored by ccs/v4 because it exceeded search pattern filesize limit: GSM2453484_cutadapt_bowtie2_fastqc.log
[2021-11-05 23:46:11,029] multiqc                                            [DEBUG  ]  File ignored by lima/summary because it exceeded search pattern filesize limit: GSM2453484_cutadapt_bowtie2_fastqc.log
[2021-11-05 23:46:11,059] multiqc                                            [DEBUG  ]  File ignored by ccs/v4 because it exceeded search pattern filesize limit: GSM2453484_fastqc.html
[2021-11-05 23:46:11,060] multiqc                                            [DEBUG  ]  File ignored by hicexplorer because it exceeded search pattern filesize limit: GSM2453484_fastqc.html
[2021-11-05 23:46:11,060] multiqc                                            [DEBUG  ]  File ignored by nanostat because it exceeded search pattern filesize limit: GSM2453484_fastqc.html
[2021-11-05 23:46:11,061] multiqc                                            [DEBUG  ]  File ignored by lima/summary because it exceeded search pattern filesize limit: GSM2453484_fastqc.html
[2021-11-05 23:46:11,064] multiqc                                            [DEBUG  ]  File ignored by vep/vep_txt because it exceeded search pattern filesize limit: GSM2453484_fastqc.html
[2021-11-05 23:46:11,064] multiqc                                            [DEBUG  ]  File ignored by longranger/invocation because it exceeded search pattern filesize limit: GSM2453484_fastqc.html
[2021-11-05 23:46:11,064] multiqc                                            [DEBUG  ]  File ignored by rockhopper because it exceeded search pattern filesize limit: GSM2453484_fastqc.html
[2021-11-05 23:46:11,064] multiqc                                            [DEBUG  ]  File ignored by rseqc/bam_stat because it exceeded search pattern filesize limit: GSM2453484_fastqc.html
[2021-11-05 23:46:11,064] multiqc                                            [DEBUG  ]  File ignored by rseqc/junction_annotation because it exceeded search pattern filesize limit: GSM2453484_fastqc.html
[2021-11-05 23:46:11,064] multiqc                                            [DEBUG  ]  File ignored by rseqc/read_distribution because it exceeded search pattern filesize limit: GSM2453484_fastqc.html
[2021-11-05 23:46:11,064] multiqc                                            [DEBUG  ]  File ignored by rseqc/infer_experiment because it exceeded search pattern filesize limit: GSM2453484_fastqc.html
[2021-11-05 23:46:11,217] multiqc                                            [DEBUG  ]  File ignored by ccs/v4 because it exceeded search pattern filesize limit: GSM2453484_cutadapt_fastqc.log
[2021-11-05 23:46:11,219] multiqc                                            [DEBUG  ]  File ignored by lima/summary because it exceeded search pattern filesize limit: GSM2453484_cutadapt_fastqc.log
[2021-11-05 23:46:11,245] multiqc                                            [DEBUG  ]  File ignored by ccs/v4 because it exceeded search pattern filesize limit: GSM2453484_cutadapt_fastqc.html
[2021-11-05 23:46:11,247] multiqc                                            [DEBUG  ]  File ignored by hicexplorer because it exceeded search pattern filesize limit: GSM2453484_cutadapt_fastqc.html
[2021-11-05 23:46:11,247] multiqc                                            [DEBUG  ]  File ignored by nanostat because it exceeded search pattern filesize limit: GSM2453484_cutadapt_fastqc.html
[2021-11-05 23:46:11,247] multiqc                                            [DEBUG  ]  File ignored by lima/summary because it exceeded search pattern filesize limit: GSM2453484_cutadapt_fastqc.html
[2021-11-05 23:46:11,250] multiqc                                            [DEBUG  ]  File ignored by vep/vep_txt because it exceeded search pattern filesize limit: GSM2453484_cutadapt_fastqc.html
[2021-11-05 23:46:11,251] multiqc                                            [DEBUG  ]  File ignored by longranger/invocation because it exceeded search pattern filesize limit: GSM2453484_cutadapt_fastqc.html
[2021-11-05 23:46:11,251] multiqc                                            [DEBUG  ]  File ignored by rockhopper because it exceeded search pattern filesize limit: GSM2453484_cutadapt_fastqc.html
[2021-11-05 23:46:11,251] multiqc                                            [DEBUG  ]  File ignored by rseqc/bam_stat because it exceeded search pattern filesize limit: GSM2453484_cutadapt_fastqc.html
[2021-11-05 23:46:11,251] multiqc                                            [DEBUG  ]  File ignored by rseqc/junction_annotation because it exceeded search pattern filesize limit: GSM2453484_cutadapt_fastqc.html
[2021-11-05 23:46:11,251] multiqc                                            [DEBUG  ]  File ignored by rseqc/read_distribution because it exceeded search pattern filesize limit: GSM2453484_cutadapt_fastqc.html
[2021-11-05 23:46:11,251] multiqc                                            [DEBUG  ]  File ignored by rseqc/infer_experiment because it exceeded search pattern filesize limit: GSM2453484_cutadapt_fastqc.html
[2021-11-05 23:46:11,406] multiqc                                            [DEBUG  ]  Ignoring file as matched an ignore pattern: GSM2667743_cutadapt.fastq.gz
[2021-11-05 23:46:11,432] multiqc                                            [DEBUG  ]  File ignored by ccs/v4 because it exceeded search pattern filesize limit: GSM2667743_cutadapt.log
[2021-11-05 23:46:11,434] multiqc                                            [DEBUG  ]  File ignored by hicexplorer because it exceeded search pattern filesize limit: GSM2667743_cutadapt.log
[2021-11-05 23:46:11,434] multiqc                                            [DEBUG  ]  File ignored by nanostat because it exceeded search pattern filesize limit: GSM2667743_cutadapt.log
[2021-11-05 23:46:11,434] multiqc                                            [DEBUG  ]  File ignored by lima/summary because it exceeded search pattern filesize limit: GSM2667743_cutadapt.log
[2021-11-05 23:46:11,436] multiqc                                            [DEBUG  ]  File ignored by longranger/invocation because it exceeded search pattern filesize limit: GSM2667743_cutadapt.log
[2021-11-05 23:46:11,448] multiqc                                            [DEBUG  ]  File ignored by ccs/v4 because it exceeded search pattern filesize limit: GSM2667743_cutadapt_bowtie2.tdf
[2021-11-05 23:46:11,449] multiqc                                            [DEBUG  ]  File ignored by hicexplorer because it exceeded search pattern filesize limit: GSM2667743_cutadapt_bowtie2.tdf
[2021-11-05 23:46:11,450] multiqc                                            [DEBUG  ]  File ignored by nanostat because it exceeded search pattern filesize limit: GSM2667743_cutadapt_bowtie2.tdf
[2021-11-05 23:46:11,450] multiqc                                            [DEBUG  ]  File ignored by lima/summary because it exceeded search pattern filesize limit: GSM2667743_cutadapt_bowtie2.tdf
[2021-11-05 23:46:11,452] multiqc                                            [DEBUG  ]  File ignored by vep/vep_html because it exceeded search pattern filesize limit: GSM2667743_cutadapt_bowtie2.tdf
[2021-11-05 23:46:11,452] multiqc                                            [DEBUG  ]  File ignored by vep/vep_txt because it exceeded search pattern filesize limit: GSM2667743_cutadapt_bowtie2.tdf
[2021-11-05 23:46:11,452] multiqc                                            [DEBUG  ]  File ignored by longranger/invocation because it exceeded search pattern filesize limit: GSM2667743_cutadapt_bowtie2.tdf
[2021-11-05 23:46:11,452] multiqc                                            [DEBUG  ]  File ignored by rockhopper because it exceeded search pattern filesize limit: GSM2667743_cutadapt_bowtie2.tdf
[2021-11-05 23:46:11,452] multiqc                                            [DEBUG  ]  File ignored by rseqc/bam_stat because it exceeded search pattern filesize limit: GSM2667743_cutadapt_bowtie2.tdf
[2021-11-05 23:46:11,452] multiqc                                            [DEBUG  ]  File ignored by rseqc/junction_annotation because it exceeded search pattern filesize limit: GSM2667743_cutadapt_bowtie2.tdf
[2021-11-05 23:46:11,452] multiqc                                            [DEBUG  ]  File ignored by rseqc/read_distribution because it exceeded search pattern filesize limit: GSM2667743_cutadapt_bowtie2.tdf
[2021-11-05 23:46:11,452] multiqc                                            [DEBUG  ]  File ignored by rseqc/infer_experiment because it exceeded search pattern filesize limit: GSM2667743_cutadapt_bowtie2.tdf
[2021-11-05 23:46:11,453] multiqc                                            [DEBUG  ]  File ignored by snpeff because it exceeded search pattern filesize limit: GSM2667743_cutadapt_bowtie2.tdf
[2021-11-05 23:46:11,453] multiqc                                            [DEBUG  ]  File ignored by stacks/sumstats because it exceeded search pattern filesize limit: GSM2667743_cutadapt_bowtie2.tdf
[2021-11-05 23:46:11,471] multiqc                                            [DEBUG  ]  File ignored by ccs/v4 because it exceeded search pattern filesize limit: GSM2667743.fastq.gz_trimming_report.txt
[2021-11-05 23:46:11,473] multiqc                                            [DEBUG  ]  File ignored by lima/summary because it exceeded search pattern filesize limit: GSM2667743.fastq.gz_trimming_report.txt
[2021-11-05 23:46:11,475] multiqc                                            [DEBUG  ]  File ignored by longranger/invocation because it exceeded search pattern filesize limit: GSM2667743.fastq.gz_trimming_report.txt
[2021-11-05 23:46:11,497] multiqc                                            [DEBUG  ]  Ignoring file as matched an ignore pattern: GSM2667743_cutadapt_empty2.fastq.gz
[2021-11-05 23:46:11,524] multiqc                                            [DEBUG  ]  File ignored by ccs/v4 because it exceeded search pattern filesize limit: GSM2667743_cutadapt_bowtie2_minus_strand_bedgraph_to_tdf.log
[2021-11-05 23:46:11,526] multiqc                                            [DEBUG  ]  File ignored by lima/summary because it exceeded search pattern filesize limit: GSM2667743_cutadapt_bowtie2_minus_strand_bedgraph_to_tdf.log
[2021-11-05 23:46:11,545] multiqc                                            [DEBUG  ]  Ignoring file as matched an ignore pattern: GSM2667743.fastq.gz
[2021-11-05 23:46:11,588] multiqc                                            [DEBUG  ]  File ignored by ccs/v4 because it exceeded search pattern filesize limit: GSM2667743_cutadapt_bowtie2_minus_strand.tdf
[2021-11-05 23:46:11,589] multiqc                                            [DEBUG  ]  File ignored by hicexplorer because it exceeded search pattern filesize limit: GSM2667743_cutadapt_bowtie2_minus_strand.tdf
[2021-11-05 23:46:11,590] multiqc                                            [DEBUG  ]  File ignored by nanostat because it exceeded search pattern filesize limit: GSM2667743_cutadapt_bowtie2_minus_strand.tdf
[2021-11-05 23:46:11,590] multiqc                                            [DEBUG  ]  File ignored by lima/summary because it exceeded search pattern filesize limit: GSM2667743_cutadapt_bowtie2_minus_strand.tdf
[2021-11-05 23:46:11,592] multiqc                                            [DEBUG  ]  File ignored by vep/vep_html because it exceeded search pattern filesize limit: GSM2667743_cutadapt_bowtie2_minus_strand.tdf
[2021-11-05 23:46:11,592] multiqc                                            [DEBUG  ]  File ignored by vep/vep_txt because it exceeded search pattern filesize limit: GSM2667743_cutadapt_bowtie2_minus_strand.tdf
[2021-11-05 23:46:11,592] multiqc                                            [DEBUG  ]  File ignored by longranger/invocation because it exceeded search pattern filesize limit: GSM2667743_cutadapt_bowtie2_minus_strand.tdf
[2021-11-05 23:46:11,592] multiqc                                            [DEBUG  ]  File ignored by rockhopper because it exceeded search pattern filesize limit: GSM2667743_cutadapt_bowtie2_minus_strand.tdf
[2021-11-05 23:46:11,592] multiqc                                            [DEBUG  ]  File ignored by rseqc/bam_stat because it exceeded search pattern filesize limit: GSM2667743_cutadapt_bowtie2_minus_strand.tdf
[2021-11-05 23:46:11,592] multiqc                                            [DEBUG  ]  File ignored by rseqc/junction_annotation because it exceeded search pattern filesize limit: GSM2667743_cutadapt_bowtie2_minus_strand.tdf
[2021-11-05 23:46:11,592] multiqc                                            [DEBUG  ]  File ignored by rseqc/read_distribution because it exceeded search pattern filesize limit: GSM2667743_cutadapt_bowtie2_minus_strand.tdf
[2021-11-05 23:46:11,592] multiqc                                            [DEBUG  ]  File ignored by rseqc/infer_experiment because it exceeded search pattern filesize limit: GSM2667743_cutadapt_bowtie2_minus_strand.tdf
[2021-11-05 23:46:11,592] multiqc                                            [DEBUG  ]  File ignored by snpeff because it exceeded search pattern filesize limit: GSM2667743_cutadapt_bowtie2_minus_strand.tdf
[2021-11-05 23:46:11,593] multiqc                                            [DEBUG  ]  File ignored by stacks/sumstats because it exceeded search pattern filesize limit: GSM2667743_cutadapt_bowtie2_minus_strand.tdf
[2021-11-05 23:46:11,611] multiqc                                            [DEBUG  ]  File ignored by ccs/v4 because it exceeded search pattern filesize limit: GSM2667743_cutadapt_bowtie2_plus_strand_bedgraph_to_tdf.log
[2021-11-05 23:46:11,613] multiqc                                            [DEBUG  ]  File ignored by lima/summary because it exceeded search pattern filesize limit: GSM2667743_cutadapt_bowtie2_plus_strand_bedgraph_to_tdf.log
[2021-11-05 23:46:11,620] multiqc                                            [DEBUG  ]  Ignoring file as matched an ignore pattern: GSM2667743_cutadapt_bowtie2.bam
[2021-11-05 23:46:11,648] multiqc                                            [DEBUG  ]  File ignored by ccs/v4 because it exceeded search pattern filesize limit: GSM2667743_cutadapt_bowtie2_plus_strand.tdf
[2021-11-05 23:46:11,649] multiqc                                            [DEBUG  ]  File ignored by hicexplorer because it exceeded search pattern filesize limit: GSM2667743_cutadapt_bowtie2_plus_strand.tdf
[2021-11-05 23:46:11,649] multiqc                                            [DEBUG  ]  File ignored by nanostat because it exceeded search pattern filesize limit: GSM2667743_cutadapt_bowtie2_plus_strand.tdf
[2021-11-05 23:46:11,650] multiqc                                            [DEBUG  ]  File ignored by lima/summary because it exceeded search pattern filesize limit: GSM2667743_cutadapt_bowtie2_plus_strand.tdf
[2021-11-05 23:46:11,652] multiqc                                            [DEBUG  ]  File ignored by vep/vep_html because it exceeded search pattern filesize limit: GSM2667743_cutadapt_bowtie2_plus_strand.tdf
[2021-11-05 23:46:11,652] multiqc                                            [DEBUG  ]  File ignored by vep/vep_txt because it exceeded search pattern filesize limit: GSM2667743_cutadapt_bowtie2_plus_strand.tdf
[2021-11-05 23:46:11,652] multiqc                                            [DEBUG  ]  File ignored by longranger/invocation because it exceeded search pattern filesize limit: GSM2667743_cutadapt_bowtie2_plus_strand.tdf
[2021-11-05 23:46:11,652] multiqc                                            [DEBUG  ]  File ignored by rockhopper because it exceeded search pattern filesize limit: GSM2667743_cutadapt_bowtie2_plus_strand.tdf
[2021-11-05 23:46:11,652] multiqc                                            [DEBUG  ]  File ignored by rseqc/bam_stat because it exceeded search pattern filesize limit: GSM2667743_cutadapt_bowtie2_plus_strand.tdf
[2021-11-05 23:46:11,652] multiqc                                            [DEBUG  ]  File ignored by rseqc/junction_annotation because it exceeded search pattern filesize limit: GSM2667743_cutadapt_bowtie2_plus_strand.tdf
[2021-11-05 23:46:11,652] multiqc                                            [DEBUG  ]  File ignored by rseqc/read_distribution because it exceeded search pattern filesize limit: GSM2667743_cutadapt_bowtie2_plus_strand.tdf
[2021-11-05 23:46:11,652] multiqc                                            [DEBUG  ]  File ignored by rseqc/infer_experiment because it exceeded search pattern filesize limit: GSM2667743_cutadapt_bowtie2_plus_strand.tdf
[2021-11-05 23:46:11,652] multiqc                                            [DEBUG  ]  File ignored by snpeff because it exceeded search pattern filesize limit: GSM2667743_cutadapt_bowtie2_plus_strand.tdf
[2021-11-05 23:46:11,652] multiqc                                            [DEBUG  ]  File ignored by stacks/sumstats because it exceeded search pattern filesize limit: GSM2667743_cutadapt_bowtie2_plus_strand.tdf
[2021-11-05 23:46:11,667] multiqc                                            [DEBUG  ]  Ignoring file as matched an ignore pattern: GSM2667743_cutadapt_bowtie2.bam.bai
[2021-11-05 23:46:11,684] multiqc                                            [DEBUG  ]  File ignored by ccs/v4 because it exceeded search pattern filesize limit: GSM2667743_cutadapt_bowtie2_bedgraph_to_tdf.log
[2021-11-05 23:46:11,685] multiqc                                            [DEBUG  ]  File ignored by lima/summary because it exceeded search pattern filesize limit: GSM2667743_cutadapt_bowtie2_bedgraph_to_tdf.log
[2021-11-05 23:46:11,718] multiqc                                            [DEBUG  ]  Ignoring file as matched an ignore pattern: GSM2667743_cutadapt_empty1.fastq.gz
[2021-11-05 23:46:11,726] multiqc                                            [DEBUG  ]  File ignored by ccs/v4 because it exceeded search pattern filesize limit: GSM2667743_cutadapt_bowtie2_fastqc.html
[2021-11-05 23:46:11,728] multiqc                                            [DEBUG  ]  File ignored by hicexplorer because it exceeded search pattern filesize limit: GSM2667743_cutadapt_bowtie2_fastqc.html
[2021-11-05 23:46:11,728] multiqc                                            [DEBUG  ]  File ignored by nanostat because it exceeded search pattern filesize limit: GSM2667743_cutadapt_bowtie2_fastqc.html
[2021-11-05 23:46:11,728] multiqc                                            [DEBUG  ]  File ignored by lima/summary because it exceeded search pattern filesize limit: GSM2667743_cutadapt_bowtie2_fastqc.html
[2021-11-05 23:46:11,731] multiqc                                            [DEBUG  ]  File ignored by vep/vep_txt because it exceeded search pattern filesize limit: GSM2667743_cutadapt_bowtie2_fastqc.html
[2021-11-05 23:46:11,731] multiqc                                            [DEBUG  ]  File ignored by longranger/invocation because it exceeded search pattern filesize limit: GSM2667743_cutadapt_bowtie2_fastqc.html
[2021-11-05 23:46:11,731] multiqc                                            [DEBUG  ]  File ignored by rockhopper because it exceeded search pattern filesize limit: GSM2667743_cutadapt_bowtie2_fastqc.html
[2021-11-05 23:46:11,731] multiqc                                            [DEBUG  ]  File ignored by rseqc/bam_stat because it exceeded search pattern filesize limit: GSM2667743_cutadapt_bowtie2_fastqc.html
[2021-11-05 23:46:11,731] multiqc                                            [DEBUG  ]  File ignored by rseqc/junction_annotation because it exceeded search pattern filesize limit: GSM2667743_cutadapt_bowtie2_fastqc.html
[2021-11-05 23:46:11,731] multiqc                                            [DEBUG  ]  File ignored by rseqc/read_distribution because it exceeded search pattern filesize limit: GSM2667743_cutadapt_bowtie2_fastqc.html
[2021-11-05 23:46:11,732] multiqc                                            [DEBUG  ]  File ignored by rseqc/infer_experiment because it exceeded search pattern filesize limit: GSM2667743_cutadapt_bowtie2_fastqc.html
[2021-11-05 23:46:11,886] multiqc                                            [DEBUG  ]  File ignored by ccs/v4 because it exceeded search pattern filesize limit: GSM2667743_cutadapt_bowtie2_fastqc.log
[2021-11-05 23:46:11,888] multiqc                                            [DEBUG  ]  File ignored by lima/summary because it exceeded search pattern filesize limit: GSM2667743_cutadapt_bowtie2_fastqc.log
[2021-11-05 23:46:11,919] multiqc                                            [DEBUG  ]  File ignored by ccs/v4 because it exceeded search pattern filesize limit: GSM2667743_fastqc.html
[2021-11-05 23:46:11,921] multiqc                                            [DEBUG  ]  File ignored by hicexplorer because it exceeded search pattern filesize limit: GSM2667743_fastqc.html
[2021-11-05 23:46:11,921] multiqc                                            [DEBUG  ]  File ignored by nanostat because it exceeded search pattern filesize limit: GSM2667743_fastqc.html
[2021-11-05 23:46:11,921] multiqc                                            [DEBUG  ]  File ignored by lima/summary because it exceeded search pattern filesize limit: GSM2667743_fastqc.html
[2021-11-05 23:46:11,924] multiqc                                            [DEBUG  ]  File ignored by vep/vep_txt because it exceeded search pattern filesize limit: GSM2667743_fastqc.html
[2021-11-05 23:46:11,924] multiqc                                            [DEBUG  ]  File ignored by longranger/invocation because it exceeded search pattern filesize limit: GSM2667743_fastqc.html
[2021-11-05 23:46:11,925] multiqc                                            [DEBUG  ]  File ignored by rockhopper because it exceeded search pattern filesize limit: GSM2667743_fastqc.html
[2021-11-05 23:46:11,925] multiqc                                            [DEBUG  ]  File ignored by rseqc/bam_stat because it exceeded search pattern filesize limit: GSM2667743_fastqc.html
[2021-11-05 23:46:11,925] multiqc                                            [DEBUG  ]  File ignored by rseqc/junction_annotation because it exceeded search pattern filesize limit: GSM2667743_fastqc.html
[2021-11-05 23:46:11,925] multiqc                                            [DEBUG  ]  File ignored by rseqc/read_distribution because it exceeded search pattern filesize limit: GSM2667743_fastqc.html
[2021-11-05 23:46:11,925] multiqc                                            [DEBUG  ]  File ignored by rseqc/infer_experiment because it exceeded search pattern filesize limit: GSM2667743_fastqc.html
[2021-11-05 23:46:12,087] multiqc                                            [DEBUG  ]  File ignored by ccs/v4 because it exceeded search pattern filesize limit: GSM2667743_cutadapt_fastqc.log
[2021-11-05 23:46:12,089] multiqc                                            [DEBUG  ]  File ignored by lima/summary because it exceeded search pattern filesize limit: GSM2667743_cutadapt_fastqc.log
[2021-11-05 23:46:12,104] multiqc                                            [DEBUG  ]  File ignored by ccs/v4 because it exceeded search pattern filesize limit: GSM2667743_cutadapt_fastqc.html
[2021-11-05 23:46:12,106] multiqc                                            [DEBUG  ]  File ignored by hicexplorer because it exceeded search pattern filesize limit: GSM2667743_cutadapt_fastqc.html
[2021-11-05 23:46:12,106] multiqc                                            [DEBUG  ]  File ignored by nanostat because it exceeded search pattern filesize limit: GSM2667743_cutadapt_fastqc.html
[2021-11-05 23:46:12,106] multiqc                                            [DEBUG  ]  File ignored by lima/summary because it exceeded search pattern filesize limit: GSM2667743_cutadapt_fastqc.html
[2021-11-05 23:46:12,109] multiqc                                            [DEBUG  ]  File ignored by vep/vep_txt because it exceeded search pattern filesize limit: GSM2667743_cutadapt_fastqc.html
[2021-11-05 23:46:12,109] multiqc                                            [DEBUG  ]  File ignored by longranger/invocation because it exceeded search pattern filesize limit: GSM2667743_cutadapt_fastqc.html
[2021-11-05 23:46:12,109] multiqc                                            [DEBUG  ]  File ignored by rockhopper because it exceeded search pattern filesize limit: GSM2667743_cutadapt_fastqc.html
[2021-11-05 23:46:12,109] multiqc                                            [DEBUG  ]  File ignored by rseqc/bam_stat because it exceeded search pattern filesize limit: GSM2667743_cutadapt_fastqc.html
[2021-11-05 23:46:12,109] multiqc                                            [DEBUG  ]  File ignored by rseqc/junction_annotation because it exceeded search pattern filesize limit: GSM2667743_cutadapt_fastqc.html
[2021-11-05 23:46:12,109] multiqc                                            [DEBUG  ]  File ignored by rseqc/read_distribution because it exceeded search pattern filesize limit: GSM2667743_cutadapt_fastqc.html
[2021-11-05 23:46:12,110] multiqc                                            [DEBUG  ]  File ignored by rseqc/infer_experiment because it exceeded search pattern filesize limit: GSM2667743_cutadapt_fastqc.html
[2021-11-05 23:46:12,274] multiqc                                            [DEBUG  ]  File ignored by ccs/v4 because it exceeded search pattern filesize limit: DS00050_peaks.fasta
[2021-11-05 23:46:12,275] multiqc                                            [DEBUG  ]  File ignored by hicexplorer because it exceeded search pattern filesize limit: DS00050_peaks.fasta
[2021-11-05 23:46:12,275] multiqc                                            [DEBUG  ]  File ignored by nanostat because it exceeded search pattern filesize limit: DS00050_peaks.fasta
[2021-11-05 23:46:12,276] multiqc                                            [DEBUG  ]  File ignored by lima/summary because it exceeded search pattern filesize limit: DS00050_peaks.fasta
[2021-11-05 23:46:12,278] multiqc                                            [DEBUG  ]  File ignored by vep/vep_txt because it exceeded search pattern filesize limit: DS00050_peaks.fasta
[2021-11-05 23:46:12,278] multiqc                                            [DEBUG  ]  File ignored by longranger/invocation because it exceeded search pattern filesize limit: DS00050_peaks.fasta
[2021-11-05 23:46:12,362] multiqc                                            [DEBUG  ]  File ignored by ccs/v4 because it exceeded search pattern filesize limit: DS00050_matrix.tab
[2021-11-05 23:46:12,363] multiqc                                            [DEBUG  ]  File ignored by lima/summary because it exceeded search pattern filesize limit: DS00050_matrix.tab
[2021-11-05 23:46:12,366] multiqc                                            [DEBUG  ]  File ignored by longranger/invocation because it exceeded search pattern filesize limit: DS00050_matrix.tab
[2021-11-05 23:46:12,376] multiqc                                            [DEBUG  ]  Ignoring file as matched an ignore pattern: DS00050_sites.bed
[2021-11-05 23:46:12,381] multiqc                                            [DEBUG  ]  File ignored by ccs/v4 because it exceeded search pattern filesize limit: DS00050_sites.fasta
[2021-11-05 23:46:12,382] multiqc                                            [DEBUG  ]  File ignored by lima/summary because it exceeded search pattern filesize limit: DS00050_sites.fasta
[2021-11-05 23:46:12,385] multiqc                                            [DEBUG  ]  File ignored by longranger/invocation because it exceeded search pattern filesize limit: DS00050_sites.fasta
[2021-11-05 23:46:12,395] multiqc                                            [DEBUG  ]  File ignored by ccs/v4 because it exceeded search pattern filesize limit: DS00050_peaks.ft
[2021-11-05 23:46:12,397] multiqc                                            [DEBUG  ]  File ignored by hicexplorer because it exceeded search pattern filesize limit: DS00050_peaks.ft
[2021-11-05 23:46:12,397] multiqc                                            [DEBUG  ]  File ignored by nanostat because it exceeded search pattern filesize limit: DS00050_peaks.ft
[2021-11-05 23:46:12,397] multiqc                                            [DEBUG  ]  File ignored by lima/summary because it exceeded search pattern filesize limit: DS00050_peaks.ft
[2021-11-05 23:46:12,400] multiqc                                            [DEBUG  ]  File ignored by longranger/invocation because it exceeded search pattern filesize limit: DS00050_peaks.ft
[2021-11-05 23:46:12,407] multiqc                                            [DEBUG  ]  Ignoring file as matched an ignore pattern: DS00050_peaks.bed
[2021-11-05 23:46:12,412] multiqc                                            [DEBUG  ]  File ignored by ccs/v4 because it exceeded search pattern filesize limit: DS00050_peaks.narrowPeak
[2021-11-05 23:46:12,413] multiqc                                            [DEBUG  ]  File ignored by hicexplorer because it exceeded search pattern filesize limit: DS00050_peaks.narrowPeak
[2021-11-05 23:46:12,413] multiqc                                            [DEBUG  ]  File ignored by nanostat because it exceeded search pattern filesize limit: DS00050_peaks.narrowPeak
[2021-11-05 23:46:12,413] multiqc                                            [DEBUG  ]  File ignored by lima/summary because it exceeded search pattern filesize limit: DS00050_peaks.narrowPeak
[2021-11-05 23:46:12,416] multiqc                                            [DEBUG  ]  File ignored by longranger/invocation because it exceeded search pattern filesize limit: DS00050_peaks.narrowPeak
[2021-11-05 23:46:12,442] multiqc                                            [DEBUG  ]  Ignoring file as matched an ignore pattern: DS00050_summits.bed
[2021-11-05 23:46:12,886] multiqc.plots.bargraph                             [DEBUG  ]  Using matplotlib version 3.4.3
[2021-11-05 23:46:12,887] multiqc.plots.linegraph                            [DEBUG  ]  Using matplotlib version 3.4.3
[2021-11-05 23:46:12,888] multiqc                                            [DEBUG  ]  No samples found: custom_content
[2021-11-05 23:46:12,895] multiqc                                            [DEBUG  ]  No samples found: ccs
[2021-11-05 23:46:12,901] multiqc                                            [DEBUG  ]  No samples found: ngsderive
[2021-11-05 23:46:12,908] multiqc                                            [DEBUG  ]  No samples found: purple
[2021-11-05 23:46:12,914] multiqc                                            [DEBUG  ]  No samples found: conpair
[2021-11-05 23:46:12,920] multiqc                                            [DEBUG  ]  No samples found: lima
[2021-11-05 23:46:12,927] multiqc                                            [DEBUG  ]  No samples found: peddy
[2021-11-05 23:46:12,933] multiqc                                            [DEBUG  ]  No samples found: somalier
[2021-11-05 23:46:12,940] multiqc                                            [DEBUG  ]  No samples found: methylQA
[2021-11-05 23:46:12,947] multiqc.modules.mosdepth.mosdepth                  [DEBUG  ]  include_contigs: []
[2021-11-05 23:46:12,947] multiqc.modules.mosdepth.mosdepth                  [DEBUG  ]  exclude_contigs: []
[2021-11-05 23:46:12,947] multiqc                                            [DEBUG  ]  No samples found: mosdepth
[2021-11-05 23:46:12,953] multiqc                                            [DEBUG  ]  No samples found: phantompeakqualtools
[2021-11-05 23:46:12,959] multiqc                                            [DEBUG  ]  No samples found: qualimap
[2021-11-05 23:46:12,966] multiqc                                            [DEBUG  ]  No samples found: preseq
[2021-11-05 23:46:12,972] multiqc                                            [DEBUG  ]  No samples found: quast
[2021-11-05 23:46:12,978] multiqc                                            [DEBUG  ]  No samples found: qorts
[2021-11-05 23:46:12,985] multiqc                                            [DEBUG  ]  No samples found: rna_seqc
[2021-11-05 23:46:12,991] multiqc                                            [DEBUG  ]  No samples found: rockhopper
[2021-11-05 23:46:12,997] multiqc                                            [DEBUG  ]  No samples found: rsem
[2021-11-05 23:46:13,006] multiqc                                            [DEBUG  ]  No samples found: rseqc
[2021-11-05 23:46:13,012] multiqc                                            [DEBUG  ]  No samples found: busco
[2021-11-05 23:46:13,018] multiqc                                            [DEBUG  ]  No samples found: bustools
[2021-11-05 23:46:13,025] multiqc                                            [DEBUG  ]  No samples found: goleft_indexcov
[2021-11-05 23:46:13,031] multiqc                                            [DEBUG  ]  No samples found: gffcompare
[2021-11-05 23:46:13,037] multiqc                                            [DEBUG  ]  No samples found: disambiguate
[2021-11-05 23:46:13,044] multiqc                                            [DEBUG  ]  No samples found: supernova
[2021-11-05 23:46:13,052] multiqc                                            [DEBUG  ]  No samples found: deeptools
[2021-11-05 23:46:13,059] multiqc                                            [DEBUG  ]  No samples found: sargasso
[2021-11-05 23:46:13,065] multiqc                                            [DEBUG  ]  No samples found: verifybamid
[2021-11-05 23:46:13,071] multiqc                                            [DEBUG  ]  No samples found: mirtrace
[2021-11-05 23:46:13,077] multiqc                                            [DEBUG  ]  No samples found: happy
[2021-11-05 23:46:13,084] multiqc                                            [DEBUG  ]  No samples found: mirtop
[2021-11-05 23:46:13,090] multiqc                                            [DEBUG  ]  No samples found: sambamba
[2021-11-05 23:46:13,097] multiqc                                            [DEBUG  ]  No samples found: homer
[2021-11-05 23:46:13,103] multiqc                                            [DEBUG  ]  No samples found: hops
[2021-11-05 23:46:13,115] multiqc.modules.macs2.macs2                        [DEBUG  ]  Duplicate sample name found! Overwriting: DS00050
[2021-11-05 23:46:13,115] multiqc.modules.macs2.macs2                        [INFO   ]  Found 1 logs
[2021-11-05 23:46:13,127] multiqc                                            [DEBUG  ]  No samples found: theta2
[2021-11-05 23:46:13,134] multiqc                                            [DEBUG  ]  No samples found: snpeff
[2021-11-05 23:46:13,140] multiqc                                            [DEBUG  ]  No samples found: gatk
[2021-11-05 23:46:13,147] multiqc                                            [DEBUG  ]  No samples found: htseq
[2021-11-05 23:46:13,153] multiqc                                            [DEBUG  ]  No samples found: bcftools
[2021-11-05 23:46:13,159] multiqc                                            [DEBUG  ]  No samples found: featureCounts
[2021-11-05 23:46:13,167] multiqc                                            [DEBUG  ]  No samples found: fgbio
[2021-11-05 23:46:13,177] multiqc                                            [DEBUG  ]  No samples found: dragen
[2021-11-05 23:46:13,184] multiqc                                            [DEBUG  ]  No samples found: dedup
[2021-11-05 23:46:13,190] multiqc                                            [DEBUG  ]  No samples found: damageprofiler
[2021-11-05 23:46:13,203] multiqc                                            [DEBUG  ]  No samples found: biobambam2
[2021-11-05 23:46:13,209] multiqc                                            [DEBUG  ]  No samples found: jcvi
[2021-11-05 23:46:13,215] multiqc                                            [DEBUG  ]  No samples found: mtnucratio
[2021-11-05 23:46:13,221] multiqc                                            [DEBUG  ]  No samples found: picard
[2021-11-05 23:46:13,227] multiqc                                            [DEBUG  ]  No samples found: vep
[2021-11-05 23:46:13,234] multiqc                                            [DEBUG  ]  No samples found: sentieon
[2021-11-05 23:46:13,240] multiqc                                            [DEBUG  ]  No samples found: prokka
[2021-11-05 23:46:13,247] multiqc                                            [DEBUG  ]  No samples found: qc3C
[2021-11-05 23:46:13,253] multiqc                                            [DEBUG  ]  No samples found: nanostat
[2021-11-05 23:46:13,259] multiqc                                            [DEBUG  ]  No samples found: samblaster
[2021-11-05 23:46:13,272] multiqc.modules.samtools.flagstat                  [DEBUG  ]  Duplicate sample name found! Overwriting: GSM2453484_cutadapt_bowtie2_bam_stats
[2021-11-05 23:46:13,279] multiqc.modules.samtools.samtools                  [INFO   ]  Found 3 flagstat reports
[2021-11-05 23:46:13,285] multiqc                                            [DEBUG  ]  No samples found: sexdeterrmine
[2021-11-05 23:46:13,292] multiqc                                            [DEBUG  ]  No samples found: eigenstratdatabasetools
[2021-11-05 23:46:13,298] multiqc                                            [DEBUG  ]  No samples found: bamtools
[2021-11-05 23:46:13,304] multiqc                                            [DEBUG  ]  No samples found: jellyfish
[2021-11-05 23:46:13,311] multiqc                                            [DEBUG  ]  No samples found: vcftools
[2021-11-05 23:46:13,318] multiqc                                            [DEBUG  ]  No samples found: longranger
[2021-11-05 23:46:13,324] multiqc                                            [DEBUG  ]  No samples found: stacks
[2021-11-05 23:46:13,330] multiqc                                            [DEBUG  ]  No samples found: varscan2
[2021-11-05 23:46:13,338] multiqc                                            [DEBUG  ]  No samples found: snippy
[2021-11-05 23:46:13,348] multiqc                                            [DEBUG  ]  No samples found: bbmap
[2021-11-05 23:46:13,354] multiqc                                            [DEBUG  ]  No samples found: bismark
[2021-11-05 23:46:13,361] multiqc                                            [DEBUG  ]  No samples found: biscuit
[2021-11-05 23:46:13,368] multiqc                                            [DEBUG  ]  No samples found: hicexplorer
[2021-11-05 23:46:13,376] multiqc                                            [DEBUG  ]  No samples found: hicup
[2021-11-05 23:46:13,383] multiqc                                            [DEBUG  ]  No samples found: hicpro
[2021-11-05 23:46:13,391] multiqc                                            [DEBUG  ]  No samples found: salmon
[2021-11-05 23:46:13,398] multiqc                                            [DEBUG  ]  No samples found: kallisto
[2021-11-05 23:46:13,406] multiqc                                            [DEBUG  ]  No samples found: slamdunk
[2021-11-05 23:46:13,414] multiqc                                            [DEBUG  ]  No samples found: star
[2021-11-05 23:46:13,421] multiqc                                            [DEBUG  ]  No samples found: hisat2
[2021-11-05 23:46:13,429] multiqc                                            [DEBUG  ]  No samples found: tophat
[2021-11-05 23:46:13,440] multiqc.modules.bowtie2.bowtie2                    [DEBUG  ]  Duplicate sample name found! Overwriting: GSM2453484_cutadapt_bowtie2
[2021-11-05 23:46:13,440] multiqc.modules.bowtie2.bowtie2                    [INFO   ]  Found 3 reports
[2021-11-05 23:46:13,452] multiqc                                            [DEBUG  ]  No samples found: bowtie1
[2021-11-05 23:46:13,459] multiqc                                            [DEBUG  ]  No samples found: snpsplit
[2021-11-05 23:46:13,467] multiqc                                            [DEBUG  ]  No samples found: odgi
[2021-11-05 23:46:13,474] multiqc                                            [DEBUG  ]  No samples found: pangolin
[2021-11-05 23:46:13,482] multiqc                                            [DEBUG  ]  No samples found: kat
[2021-11-05 23:46:13,489] multiqc                                            [DEBUG  ]  No samples found: leehom
[2021-11-05 23:46:13,497] multiqc                                            [DEBUG  ]  No samples found: adapterRemoval
[2021-11-05 23:46:13,504] multiqc                                            [DEBUG  ]  No samples found: clipandmerge
[2021-11-05 23:46:13,520] multiqc.modules.cutadapt.cutadapt                  [DEBUG  ]  Duplicate sample name found! Overwriting: GSM2453484
[2021-11-05 23:46:13,525] multiqc.modules.cutadapt.cutadapt                  [DEBUG  ]  Duplicate sample name found! Overwriting: GSM2667742
[2021-11-05 23:46:13,527] multiqc.modules.cutadapt.cutadapt                  [DEBUG  ]  Duplicate sample name found! Overwriting: GSM2453484
[2021-11-05 23:46:13,530] multiqc.modules.cutadapt.cutadapt                  [DEBUG  ]  Duplicate sample name found! Overwriting: GSM2453484
[2021-11-05 23:46:13,535] multiqc.modules.cutadapt.cutadapt                  [DEBUG  ]  Duplicate sample name found! Overwriting: GSM2667743
[2021-11-05 23:46:13,537] multiqc.modules.cutadapt.cutadapt                  [INFO   ]  Found 3 reports
[2021-11-05 23:46:13,553] multiqc                                            [DEBUG  ]  No samples found: flexbar
[2021-11-05 23:46:13,559] multiqc                                            [DEBUG  ]  No samples found: kaiju
[2021-11-05 23:46:13,565] multiqc                                            [DEBUG  ]  No samples found: kraken
[2021-11-05 23:46:13,572] multiqc                                            [DEBUG  ]  No samples found: malt
[2021-11-05 23:46:13,578] multiqc                                            [DEBUG  ]  No samples found: trimmomatic
[2021-11-05 23:46:13,586] multiqc                                            [DEBUG  ]  No samples found: sickle
[2021-11-05 23:46:13,592] multiqc                                            [DEBUG  ]  No samples found: skewer
[2021-11-05 23:46:13,598] multiqc                                            [DEBUG  ]  No samples found: sortmerna
[2021-11-05 23:46:13,604] multiqc                                            [DEBUG  ]  No samples found: biobloomtools
[2021-11-05 23:46:13,610] multiqc                                            [DEBUG  ]  No samples found: fastq_screen
[2021-11-05 23:46:13,616] multiqc                                            [DEBUG  ]  No samples found: afterqc
[2021-11-05 23:46:13,623] multiqc                                            [DEBUG  ]  No samples found: fastp
[2021-11-05 23:46:13,743] multiqc.modules.fastqc.fastqc                      [DEBUG  ]  Skipping 'GSM2453484_cutadapt_bowtie2_fastqc.zip' as already parsed 'GSM2453484_cutadapt_bowtie2'
[2021-11-05 23:46:13,743] multiqc.modules.fastqc.fastqc                      [DEBUG  ]  Skipping 'GSM2453484_fastqc.zip' as already parsed 'GSM2453484'
[2021-11-05 23:46:13,743] multiqc.modules.fastqc.fastqc                      [DEBUG  ]  Skipping 'GSM2453484_cutadapt_fastqc.zip' as already parsed 'GSM2453484_cutadapt'
[2021-11-05 23:46:13,800] multiqc.modules.fastqc.fastqc                      [INFO   ]  Found 9 reports
[2021-11-05 23:46:13,901] multiqc                                            [DEBUG  ]  No samples found: pychopper
[2021-11-05 23:46:13,907] multiqc                                            [DEBUG  ]  No samples found: pycoqc
[2021-11-05 23:46:13,913] multiqc                                            [DEBUG  ]  No samples found: minionqc
[2021-11-05 23:46:13,920] multiqc                                            [DEBUG  ]  No samples found: multivcfanalyzer
[2021-11-05 23:46:13,926] multiqc                                            [DEBUG  ]  No samples found: clusterflow
[2021-11-05 23:46:13,932] multiqc                                            [DEBUG  ]  No samples found: bcl2fastq
[2021-11-05 23:46:13,939] multiqc                                            [DEBUG  ]  No samples found: bclconvert
[2021-11-05 23:46:13,945] multiqc                                            [DEBUG  ]  No samples found: interop
[2021-11-05 23:46:13,951] multiqc                                            [DEBUG  ]  No samples found: ivar
[2021-11-05 23:46:13,957] multiqc                                            [DEBUG  ]  No samples found: flash
[2021-11-05 23:46:13,964] multiqc                                            [DEBUG  ]  No samples found: seqyclean
[2021-11-05 23:46:13,970] multiqc                                            [DEBUG  ]  No samples found: optitype
[2021-11-05 23:46:13,999] multiqc                                            [INFO   ]  Compressing plot data
[2021-11-05 23:46:14,275] multiqc                                            [INFO   ]  Report      : ChIP-seq_collection/GSE93506/datasets/DS00050/multiQC/multiqc_report.html
[2021-11-05 23:46:14,275] multiqc                                            [INFO   ]  Data        : ChIP-seq_collection/GSE93506/datasets/DS00050/multiQC/multiqc_data
[2021-11-05 23:46:14,275] multiqc                                            [DEBUG  ]  Moving data file from '/tmp/tmp103w2od_/multiqc_data' to 'ChIP-seq_collection/GSE93506/datasets/DS00050/multiQC/multiqc_data'
[2021-11-05 23:46:14,457] multiqc                                            [INFO   ]  MultiQC complete
